SF:lib/l10n/app_localizations.dart
DA:65,0
DA:66,0
DA:70,0
DA:71,0
DA:167,1
DA:169,0
DA:171,0
DA:172,0
DA:176,0
DA:178,0
DA:180,0
DA:184,0
DA:186,0
DA:187,0
DA:188,0
DA:189,0
DA:190,0
DA:193,0
LF:18
LH:1
end_of_record
SF:lib/src/helpers/exception_l10n_helper.dart
DA:14,0
DA:15,0
DA:20,0
DA:21,0
DA:22,0
DA:23,0
DA:24,0
DA:25,0
DA:26,0
DA:27,0
DA:28,0
DA:29,0
DA:32,0
LF:13
LH:0
end_of_record
SF:lib/l10n/app_localizations_ar.dart
DA:9,0
DA:11,0
DA:14,0
DA:17,0
DA:20,0
DA:23,0
DA:26,0
DA:30,0
DA:33,0
DA:37,0
DA:40,0
LF:11
LH:0
end_of_record
SF:lib/l10n/app_localizations_en.dart
DA:9,0
DA:11,0
DA:14,0
DA:17,0
DA:20,0
DA:23,0
DA:27,0
DA:31,0
DA:34,0
DA:38,0
DA:41,0
LF:11
LH:0
end_of_record
