SF:lib/l10n/app_localizations.dart
DA:65,1
DA:66,2
DA:70,1
DA:71,1
DA:167,1
DA:169,1
DA:171,1
DA:172,1
DA:176,1
DA:178,3
DA:180,0
DA:184,1
DA:186,1
DA:187,1
DA:188,1
DA:189,1
DA:190,1
DA:193,0
LF:18
LH:16
end_of_record
SF:lib/src/helpers/exception_l10n_helper.dart
DA:14,1
DA:15,1
DA:20,2
DA:21,2
DA:22,2
DA:23,2
DA:24,2
DA:25,2
DA:26,2
DA:27,2
DA:28,2
DA:29,2
DA:32,0
LF:13
LH:12
end_of_record
SF:lib/l10n/app_localizations_ar.dart
DA:9,2
DA:11,1
DA:14,1
DA:17,1
DA:20,1
DA:23,1
DA:26,1
DA:30,1
DA:33,1
DA:37,1
DA:40,1
LF:11
LH:11
end_of_record
SF:lib/l10n/app_localizations_en.dart
DA:9,2
DA:11,1
DA:14,1
DA:17,1
DA:20,1
DA:23,1
DA:27,1
DA:31,1
DA:34,1
DA:38,1
DA:41,1
LF:11
LH:11
end_of_record
